INFO [2020-03-03 14:24:12] [[1]]
INFO [2020-03-03 14:24:12] list(mg.fams)
INFO [2020-03-03 14:24:12] 
INFO [2020-03-03 14:24:12] [[2]]
INFO [2020-03-03 14:24:12] list(mt.fams)
INFO [2020-03-03 14:24:12] 
INFO [2020-03-03 14:24:12] [[3]]
INFO [2020-03-03 14:24:12] NULL
INFO [2020-03-03 14:24:12] 
INFO [2020-03-03 14:24:12] $category.names
INFO [2020-03-03 14:24:12] c("APO", "APO+APOinoc")
INFO [2020-03-03 14:24:12] 
INFO [2020-03-03 14:24:12] $rotation.degree
INFO [2020-03-03 14:24:12] [1] 90
INFO [2020-03-03 14:24:12] 
INFO [2020-03-03 14:24:12] $fill
INFO [2020-03-03 14:24:12] c("#A3C38E", "#577545")
INFO [2020-03-03 14:24:12] 
INFO [2020-03-03 14:24:12] $lty
INFO [2020-03-03 14:24:12] [1] "blank"
INFO [2020-03-03 14:24:12] 
INFO [2020-03-03 14:24:12] $cat.pos
INFO [2020-03-03 14:24:12] c(180, 0)
INFO [2020-03-03 14:24:12] 
INFO [2020-03-03 14:24:12] $cat.fontfamily
INFO [2020-03-03 14:24:12] [1] "Arial"
INFO [2020-03-03 14:24:12] 
INFO [2020-03-03 14:24:12] $fontfamily
INFO [2020-03-03 14:24:12] [1] "Arial"
INFO [2020-03-03 14:24:12] 
INFO [2020-03-03 14:24:12] $alpha
INFO [2020-03-03 14:24:12] rep(0.7, 2)
INFO [2020-03-03 14:24:12] 
ERROR [2020-03-03 14:24:12] Unexpected parameter length for 'category'
